2021-04-24 14:38:01 INFO  EmployeeServiceImpl:47 - CHECK EMPLOYEE EXISTS SERVICE TO hshallal@icloud.com
2021-04-24 14:38:02 INFO  EmployeeControllerImpl:103 - AN EMPLOYEE WITH THIS USERNAME: hshallal@icloud.com, DOES NOT EXIST
2021-04-24 14:38:02 INFO  EmployeeServiceImpl:35 - REGISTRATION SERVICE TO hshallal@icloud.com
2021-04-24 14:38:03 INFO  EmployeeControllerImpl:76 - REGISTRATION SUCCESSFUL BY hshallal@icloud.com
2021-04-24 14:38:30 INFO  EmployeeServiceImpl:47 - CHECK EMPLOYEE EXISTS SERVICE TO hshallal@gmail.com
2021-04-24 14:38:30 INFO  EmployeeControllerImpl:103 - AN EMPLOYEE WITH THIS USERNAME: hshallal@gmail.com, DOES NOT EXIST
2021-04-24 14:38:30 INFO  EmployeeServiceImpl:35 - REGISTRATION SERVICE TO hshallal@gmail.com
2021-04-24 14:38:31 INFO  EmployeeControllerImpl:76 - REGISTRATION SUCCESSFUL BY hshallal@gmail.com
2021-04-24 14:41:11 INFO  EmployeeServiceImpl:47 - CHECK EMPLOYEE EXISTS SERVICE TO hshallal@icloud.com
2021-04-24 14:41:11 INFO  EmployeeControllerImpl:103 - AN EMPLOYEE WITH THIS USERNAME: hshallal@icloud.com, DOES NOT EXIST
2021-04-24 14:41:11 INFO  EmployeeServiceImpl:35 - REGISTRATION SERVICE TO hshallal@icloud.com
2021-04-24 14:41:12 INFO  EmployeeControllerImpl:76 - REGISTRATION SUCCESSFUL BY hshallal@icloud.com
2021-04-24 14:57:30 INFO  EmployeeServiceImpl:47 - CHECK EMPLOYEE EXISTS SERVICE TO hshallal@icloud.com
2021-04-24 14:57:31 INFO  EmployeeControllerImpl:103 - AN EMPLOYEE WITH THIS USERNAME: hshallal@icloud.com, DOES NOT EXIST
2021-04-24 14:57:31 INFO  EmployeeServiceImpl:35 - REGISTRATION SERVICE TO hshallal@icloud.com
2021-04-24 14:57:31 INFO  EmployeeControllerImpl:76 - REGISTRATION SUCCESSFUL BY hshallal@icloud.com
2021-04-24 15:21:16 INFO  EmployeeServiceImpl:47 - CHECK EMPLOYEE EXISTS SERVICE TO hshallal@icloud.com
2021-04-24 15:21:16 INFO  EmployeeControllerImpl:103 - AN EMPLOYEE WITH THIS USERNAME: hshallal@icloud.com, DOES NOT EXIST
2021-04-24 15:21:16 INFO  EmployeeServiceImpl:35 - REGISTRATION SERVICE TO hshallal@icloud.com
2021-04-24 15:22:52 INFO  EmployeeServiceImpl:47 - CHECK EMPLOYEE EXISTS SERVICE TO hshallal@icloud.com
2021-04-24 15:22:52 INFO  EmployeeControllerImpl:103 - AN EMPLOYEE WITH THIS USERNAME: hshallal@icloud.com, DOES NOT EXIST
2021-04-24 15:22:52 INFO  EmployeeServiceImpl:35 - REGISTRATION SERVICE TO hshallal@icloud.com
2021-04-24 15:22:53 INFO  EmployeeControllerImpl:76 - REGISTRATION SUCCESSFUL BY hshallal@icloud.com
2021-04-24 15:23:15 INFO  EmployeeServiceImpl:47 - CHECK EMPLOYEE EXISTS SERVICE TO hshallal@gmail.com
2021-04-24 15:23:16 INFO  EmployeeControllerImpl:103 - AN EMPLOYEE WITH THIS USERNAME: hshallal@gmail.com, DOES NOT EXIST
2021-04-24 15:23:16 INFO  EmployeeServiceImpl:35 - REGISTRATION SERVICE TO hshallal@gmail.com
2021-04-24 15:23:16 INFO  EmployeeControllerImpl:76 - REGISTRATION SUCCESSFUL BY hshallal@gmail.com
2021-04-24 15:24:26 INFO  EmployeeServiceImpl:65 - LOGIN SERVICE TO hshallal@gmail.com
2021-04-24 15:24:26 INFO  EmployeeControllerImpl:51 - AN EMPLOYEE WITH THIS USERNAME: hshallal@gmail.com, JUST LOGGEDIN
2021-04-24 15:24:44 INFO  EmployeeServiceImpl:65 - LOGIN SERVICE TO hshallal@icloud.com
2021-04-24 15:24:44 INFO  EmployeeControllerImpl:51 - AN EMPLOYEE WITH THIS USERNAME: hshallal@icloud.com, JUST LOGGEDIN
2021-04-24 15:26:19 INFO  EmployeeServiceImpl:65 - LOGIN SERVICE TO hshallal@icloud.com
2021-04-24 15:26:20 INFO  EmployeeControllerImpl:51 - AN EMPLOYEE WITH THIS USERNAME: hshallal@icloud.com, JUST LOGGEDIN
2021-04-24 15:27:07 INFO  EmployeeServiceImpl:78 - REIMBURSEMENET SUBMISSION SERVICE TO hshallal@icloud.com
2021-04-24 15:27:07 INFO  EmployeeControllerImpl:159 - REIMBURSEMENET SUBMISSION SUCCESSFUL: e2af95ef-ed4d-4e67-99d5-2f548cec5b12 BY hshallal@icloud.com
2021-04-24 15:27:57 INFO  EmployeeServiceImpl:65 - LOGIN SERVICE TO hshallal@icloud.com
2021-04-24 15:27:57 INFO  EmployeeControllerImpl:51 - AN EMPLOYEE WITH THIS USERNAME: hshallal@icloud.com, JUST LOGGEDIN
2021-04-24 15:28:12 INFO  EmployeeServiceImpl:84 - SHOW PREVIOUS REIMBURSEMENETS SERVICE TO hshallal@icloud.com
2021-04-24 15:28:12 INFO  EmployeeControllerImpl:171 - LIST OF EMPLOYEE PREVIOUS REIMBURSEMENETS IS VIEWED
2021-04-24 15:40:34 INFO  EmployeeServiceImpl:65 - LOGIN SERVICE TO hshallal@icloud.com
2021-04-24 15:40:35 INFO  EmployeeControllerImpl:53 - AN EMPLOYEE WITH THIS USERNAME: hshallal@icloud.com, JUST LOGGEDIN
2021-04-24 15:41:01 INFO  EmployeeServiceImpl:78 - REIMBURSEMENET SUBMISSION SERVICE TO hshallal@gmail.com
2021-04-24 15:41:01 INFO  EmployeeControllerImpl:170 - REIMBURSEMENET SUBMISSION SUCCESSFUL: 8bb2d853-61fe-479a-8a7b-fb0ed00b351c BY hshallal@gmail.com
2021-04-24 17:10:22 INFO  EmployeeServiceImpl:65 - LOGIN SERVICE TO hshallal@gmail.com
2021-04-24 17:10:23 INFO  EmployeeControllerImpl:53 - AN EMPLOYEE WITH THIS USERNAME: hshallal@gmail.com, JUST LOGGEDIN
2021-04-24 17:10:36 INFO  EmployeeServiceImpl:65 - LOGIN SERVICE TO hshallal@icloud.com
2021-04-24 17:10:36 INFO  EmployeeControllerImpl:53 - AN EMPLOYEE WITH THIS USERNAME: hshallal@icloud.com, JUST LOGGEDIN
2021-04-24 17:14:27 INFO  EmployeeServiceImpl:65 - LOGIN SERVICE TO hshallal@icloud.com
2021-04-24 17:14:28 INFO  EmployeeControllerImpl:53 - AN EMPLOYEE WITH THIS USERNAME: hshallal@icloud.com, JUST LOGGEDIN
2021-04-24 17:19:47 INFO  EmployeeServiceImpl:78 - REIMBURSEMENET SUBMISSION SERVICE TO hshallal@icloud.com
2021-04-24 17:19:47 INFO  EmployeeControllerImpl:170 - REIMBURSEMENET SUBMISSION SUCCESSFUL: bdc4ec80-6d89-4185-be14-7a4358b8b141 BY hshallal@icloud.com
2021-04-26 08:30:57 INFO  EmployeeServiceImpl:65 - LOGIN SERVICE TO hshallal@icloud.com
2021-04-26 08:30:58 INFO  EmployeeControllerImpl:53 - AN EMPLOYEE WITH THIS USERNAME: hshallal@icloud.com, JUST LOGGEDIN
2021-04-26 08:31:12 INFO  EmployeeServiceImpl:84 - SHOW PREVIOUS REIMBURSEMENETS SERVICE TO hshallal@gmail.com
2021-04-26 08:31:12 INFO  EmployeeControllerImpl:182 - LIST OF EMPLOYEE PREVIOUS REIMBURSEMENETS IS VIEWED
2021-04-27 16:30:08 INFO  EmployeeServiceImpl:65 - LOGIN SERVICE TO hshallal@icloud.com
2021-04-27 16:30:09 INFO  EmployeeControllerImpl:53 - AN EMPLOYEE WITH THIS USERNAME: hshallal@icloud.com, JUST LOGGEDIN
2021-04-27 16:30:20 INFO  EmployeeServiceImpl:84 - SHOW PREVIOUS REIMBURSEMENETS SERVICE TO hshallal@icloud.com
2021-04-27 16:30:20 INFO  EmployeeControllerImpl:182 - LIST OF EMPLOYEE PREVIOUS REIMBURSEMENETS IS VIEWED
2021-04-27 16:48:03 INFO  EmployeeServiceImpl:65 - LOGIN SERVICE TO hshallal@icloud.com
2021-04-27 16:48:03 INFO  EmployeeControllerImpl:53 - AN EMPLOYEE WITH THIS USERNAME: hshallal@icloud.com, JUST LOGGEDIN
2021-04-27 16:48:14 INFO  EmployeeServiceImpl:84 - SHOW PREVIOUS REIMBURSEMENETS SERVICE TO hshallal@icloud.com
2021-04-27 16:48:14 INFO  EmployeeControllerImpl:182 - LIST OF EMPLOYEE PREVIOUS REIMBURSEMENETS IS VIEWED
2021-04-27 16:49:11 INFO  EmployeeServiceImpl:65 - LOGIN SERVICE TO hshallal@icloud.com
2021-04-27 16:49:12 INFO  EmployeeControllerImpl:53 - AN EMPLOYEE WITH THIS USERNAME: hshallal@icloud.com, JUST LOGGEDIN
2021-04-27 16:49:25 INFO  EmployeeServiceImpl:84 - SHOW PREVIOUS REIMBURSEMENETS SERVICE TO hshallal@icloud.com
2021-04-27 16:49:25 INFO  EmployeeControllerImpl:182 - LIST OF EMPLOYEE PREVIOUS REIMBURSEMENETS IS VIEWED
2021-04-27 16:54:57 INFO  EmployeeServiceImpl:65 - LOGIN SERVICE TO hshallal@icloud.com
2021-04-27 16:54:58 INFO  EmployeeControllerImpl:53 - AN EMPLOYEE WITH THIS USERNAME: hshallal@icloud.com, JUST LOGGEDIN
2021-04-27 16:55:04 INFO  EmployeeServiceImpl:84 - SHOW PREVIOUS REIMBURSEMENETS SERVICE TO hshallal@icloud.com
2021-04-27 16:55:05 INFO  EmployeeControllerImpl:182 - LIST OF EMPLOYEE PREVIOUS REIMBURSEMENETS IS VIEWED
2021-04-27 16:58:07 INFO  EmployeeServiceImpl:84 - SHOW PREVIOUS REIMBURSEMENETS SERVICE TO hshallal@icloud.com
2021-04-27 16:58:07 INFO  EmployeeControllerImpl:182 - LIST OF EMPLOYEE PREVIOUS REIMBURSEMENETS IS VIEWED
2021-04-27 16:58:29 INFO  EmployeeServiceImpl:84 - SHOW PREVIOUS REIMBURSEMENETS SERVICE TO hshallal@icloud.com
2021-04-27 16:58:29 INFO  EmployeeControllerImpl:182 - LIST OF EMPLOYEE PREVIOUS REIMBURSEMENETS IS VIEWED
2021-04-27 16:58:39 INFO  EmployeeServiceImpl:84 - SHOW PREVIOUS REIMBURSEMENETS SERVICE TO hshallal@icloud.com
2021-04-27 16:58:40 INFO  EmployeeControllerImpl:182 - LIST OF EMPLOYEE PREVIOUS REIMBURSEMENETS IS VIEWED
2021-04-27 16:58:53 INFO  EmployeeServiceImpl:84 - SHOW PREVIOUS REIMBURSEMENETS SERVICE TO hshallal@icloud.com
2021-04-27 16:58:53 INFO  EmployeeControllerImpl:182 - LIST OF EMPLOYEE PREVIOUS REIMBURSEMENETS IS VIEWED
2021-04-27 16:59:01 INFO  EmployeeServiceImpl:84 - SHOW PREVIOUS REIMBURSEMENETS SERVICE TO hshallal@icloud.com
2021-04-27 16:59:01 INFO  EmployeeControllerImpl:182 - LIST OF EMPLOYEE PREVIOUS REIMBURSEMENETS IS VIEWED
2021-04-27 16:59:45 INFO  EmployeeServiceImpl:65 - LOGIN SERVICE TO hshallal@icloud.com
2021-04-27 16:59:46 INFO  EmployeeControllerImpl:53 - AN EMPLOYEE WITH THIS USERNAME: hshallal@icloud.com, JUST LOGGEDIN
2021-04-27 17:00:04 INFO  EmployeeServiceImpl:78 - REIMBURSEMENET SUBMISSION SERVICE TO hshallal@icloud.com
2021-04-27 17:00:05 INFO  EmployeeControllerImpl:173 - REIMBURSEMENET SUBMISSION UNSUCCESSFUL: 140af496-3d8e-437b-a766-e8291d960f05 BY hshallal@icloud.com
2021-04-27 17:02:47 INFO  EmployeeServiceImpl:65 - LOGIN SERVICE TO hshallal@icloud.com
2021-04-27 17:02:48 INFO  EmployeeControllerImpl:53 - AN EMPLOYEE WITH THIS USERNAME: hshallal@icloud.com, JUST LOGGEDIN
2021-04-27 17:03:08 INFO  EmployeeServiceImpl:78 - REIMBURSEMENET SUBMISSION SERVICE TO hshallal@icloud.com
2021-04-27 17:03:09 INFO  EmployeeControllerImpl:170 - REIMBURSEMENET SUBMISSION SUCCESSFUL: 622bc6d0-c839-4a1f-b731-dcb82e2c096a BY hshallal@icloud.com
2021-04-27 17:03:48 INFO  EmployeeServiceImpl:78 - REIMBURSEMENET SUBMISSION SERVICE TO hshallal@icloud.com
2021-04-27 17:03:48 INFO  EmployeeControllerImpl:170 - REIMBURSEMENET SUBMISSION SUCCESSFUL: 4928a726-ab58-495d-9edc-24a7ea71859e BY hshallal@icloud.com
2021-04-27 17:07:45 INFO  EmployeeServiceImpl:65 - LOGIN SERVICE TO hshallal@icloud.com
2021-04-27 17:07:46 INFO  EmployeeControllerImpl:53 - AN EMPLOYEE WITH THIS USERNAME: hshallal@icloud.com, JUST LOGGEDIN
2021-04-27 17:07:52 INFO  EmployeeServiceImpl:84 - SHOW PREVIOUS REIMBURSEMENETS SERVICE TO hshallal@icloud.com
2021-04-27 17:07:52 INFO  EmployeeControllerImpl:182 - LIST OF EMPLOYEE PREVIOUS REIMBURSEMENETS IS VIEWED
2021-04-27 17:08:05 INFO  EmployeeServiceImpl:84 - SHOW PREVIOUS REIMBURSEMENETS SERVICE TO hshallal@icloud.com
2021-04-27 17:08:05 INFO  EmployeeControllerImpl:182 - LIST OF EMPLOYEE PREVIOUS REIMBURSEMENETS IS VIEWED
2021-04-27 17:08:12 INFO  EmployeeServiceImpl:84 - SHOW PREVIOUS REIMBURSEMENETS SERVICE TO hshallal@icloud.com
2021-04-27 17:08:13 INFO  EmployeeControllerImpl:182 - LIST OF EMPLOYEE PREVIOUS REIMBURSEMENETS IS VIEWED
2021-04-27 17:08:20 INFO  EmployeeServiceImpl:84 - SHOW PREVIOUS REIMBURSEMENETS SERVICE TO hshallal@icloud.com
2021-04-27 17:08:21 INFO  EmployeeControllerImpl:182 - LIST OF EMPLOYEE PREVIOUS REIMBURSEMENETS IS VIEWED
2021-04-27 17:09:20 INFO  EmployeeServiceImpl:84 - SHOW PREVIOUS REIMBURSEMENETS SERVICE TO hshallal@icloud.com
2021-04-27 17:09:21 INFO  EmployeeControllerImpl:182 - LIST OF EMPLOYEE PREVIOUS REIMBURSEMENETS IS VIEWED
2021-04-27 17:09:35 INFO  EmployeeServiceImpl:84 - SHOW PREVIOUS REIMBURSEMENETS SERVICE TO hshallal@icloud.com
2021-04-27 17:09:35 INFO  EmployeeControllerImpl:182 - LIST OF EMPLOYEE PREVIOUS REIMBURSEMENETS IS VIEWED
2021-04-27 17:15:48 INFO  EmployeeServiceImpl:65 - LOGIN SERVICE TO hshallal@icloud.com
2021-04-27 17:15:49 INFO  EmployeeControllerImpl:53 - AN EMPLOYEE WITH THIS USERNAME: hshallal@icloud.com, JUST LOGGEDIN
2021-04-27 17:15:58 INFO  EmployeeServiceImpl:84 - SHOW PREVIOUS REIMBURSEMENETS SERVICE TO hshallal@icloud.com
2021-04-27 17:15:59 INFO  EmployeeControllerImpl:182 - LIST OF EMPLOYEE PREVIOUS REIMBURSEMENETS IS VIEWED
2021-04-27 17:17:46 INFO  EmployeeServiceImpl:84 - SHOW PREVIOUS REIMBURSEMENETS SERVICE TO hshallal@icloud.com
2021-04-27 17:17:47 INFO  EmployeeControllerImpl:182 - LIST OF EMPLOYEE PREVIOUS REIMBURSEMENETS IS VIEWED
2021-04-27 17:17:54 INFO  EmployeeServiceImpl:84 - SHOW PREVIOUS REIMBURSEMENETS SERVICE TO hshallal@icloud.com
2021-04-27 17:17:54 INFO  EmployeeControllerImpl:182 - LIST OF EMPLOYEE PREVIOUS REIMBURSEMENETS IS VIEWED
2021-04-27 17:17:59 INFO  EmployeeServiceImpl:84 - SHOW PREVIOUS REIMBURSEMENETS SERVICE TO hshallal@icloud.com
2021-04-27 17:17:59 INFO  EmployeeControllerImpl:182 - LIST OF EMPLOYEE PREVIOUS REIMBURSEMENETS IS VIEWED
2021-04-27 17:18:06 INFO  EmployeeServiceImpl:84 - SHOW PREVIOUS REIMBURSEMENETS SERVICE TO hshallal@icloud.com
2021-04-27 17:18:06 INFO  EmployeeControllerImpl:182 - LIST OF EMPLOYEE PREVIOUS REIMBURSEMENETS IS VIEWED
2021-04-27 17:18:12 INFO  EmployeeServiceImpl:84 - SHOW PREVIOUS REIMBURSEMENETS SERVICE TO hshallal@icloud.com
2021-04-27 17:18:12 INFO  EmployeeControllerImpl:182 - LIST OF EMPLOYEE PREVIOUS REIMBURSEMENETS IS VIEWED
2021-04-27 17:30:44 INFO  EmployeeServiceImpl:65 - LOGIN SERVICE TO hshallal@icloud.com
2021-04-27 17:30:45 INFO  EmployeeControllerImpl:53 - AN EMPLOYEE WITH THIS USERNAME: hshallal@icloud.com, JUST LOGGEDIN
2021-04-27 17:30:54 INFO  EmployeeServiceImpl:84 - SHOW PREVIOUS AND ALL REIMBURSEMENETS SERVICE TO hshallal@icloud.com
2021-04-27 17:30:55 INFO  EmployeeControllerImpl:182 - LIST OF EMPLOYEE PREVIOUS REIMBURSEMENETS IS VIEWED
2021-04-27 17:31:10 INFO  EmployeeServiceImpl:84 - SHOW PREVIOUS AND PENDING REIMBURSEMENETS SERVICE TO hshallal@icloud.com
2021-04-27 17:31:10 INFO  EmployeeControllerImpl:182 - LIST OF EMPLOYEE PREVIOUS REIMBURSEMENETS IS VIEWED
2021-04-27 17:31:14 INFO  EmployeeServiceImpl:84 - SHOW PREVIOUS AND APPROVED REIMBURSEMENETS SERVICE TO hshallal@icloud.com
2021-04-27 17:31:15 INFO  EmployeeControllerImpl:182 - LIST OF EMPLOYEE PREVIOUS REIMBURSEMENETS IS VIEWED
2021-04-27 17:31:18 INFO  EmployeeServiceImpl:84 - SHOW PREVIOUS AND DENIED REIMBURSEMENETS SERVICE TO hshallal@icloud.com
2021-04-27 17:31:19 INFO  EmployeeControllerImpl:182 - LIST OF EMPLOYEE PREVIOUS REIMBURSEMENETS IS VIEWED
2021-04-27 17:31:23 INFO  EmployeeServiceImpl:84 - SHOW PREVIOUS AND ALL REIMBURSEMENETS SERVICE TO hshallal@icloud.com
2021-04-27 17:31:24 INFO  EmployeeControllerImpl:182 - LIST OF EMPLOYEE PREVIOUS REIMBURSEMENETS IS VIEWED
2021-04-27 17:33:30 INFO  EmployeeServiceImpl:84 - SHOW PREVIOUS AND ALL REIMBURSEMENETS SERVICE TO hshallal@icloud.com
2021-04-27 17:33:31 INFO  EmployeeControllerImpl:182 - LIST OF EMPLOYEE PREVIOUS REIMBURSEMENETS IS VIEWED
2021-04-27 17:50:53 INFO  EmployeeServiceImpl:65 - LOGIN SERVICE TO hshallal@icloud.com
2021-04-27 17:50:54 INFO  EmployeeControllerImpl:53 - AN EMPLOYEE WITH THIS USERNAME: hshallal@icloud.com, JUST LOGGEDIN
2021-04-27 17:51:09 INFO  EmployeeServiceImpl:78 - REIMBURSEMENET SUBMISSION SERVICE TO hshallal@icloud.com
2021-04-27 17:51:10 INFO  EmployeeControllerImpl:170 - REIMBURSEMENET SUBMISSION SUCCESSFUL: ae2f941c-b3ea-4930-b9fb-229a32dee952 BY hshallal@icloud.com
2021-04-27 17:51:27 INFO  EmployeeServiceImpl:84 - SHOW PREVIOUS AND ALL REIMBURSEMENETS SERVICE TO hshallal@icloud.com
2021-04-27 17:51:27 INFO  EmployeeControllerImpl:182 - LIST OF EMPLOYEE PREVIOUS REIMBURSEMENETS IS VIEWED
2021-04-27 17:53:24 INFO  EmployeeServiceImpl:65 - LOGIN SERVICE TO hshallal@icloud.com
2021-04-27 17:53:25 INFO  EmployeeControllerImpl:53 - AN EMPLOYEE WITH THIS USERNAME: hshallal@icloud.com, JUST LOGGEDIN
2021-04-27 17:53:31 INFO  EmployeeServiceImpl:84 - SHOW PREVIOUS AND ALL REIMBURSEMENETS SERVICE TO hshallal@icloud.com
2021-04-27 17:53:31 INFO  EmployeeControllerImpl:182 - LIST OF EMPLOYEE PREVIOUS REIMBURSEMENETS IS VIEWED
2021-04-27 17:53:38 INFO  EmployeeServiceImpl:84 - SHOW PREVIOUS AND PENDING REIMBURSEMENETS SERVICE TO hshallal@icloud.com
2021-04-27 17:53:38 INFO  EmployeeControllerImpl:182 - LIST OF EMPLOYEE PREVIOUS REIMBURSEMENETS IS VIEWED
2021-04-27 17:53:44 INFO  EmployeeServiceImpl:84 - SHOW PREVIOUS AND APPROVED REIMBURSEMENETS SERVICE TO hshallal@icloud.com
2021-04-27 17:53:45 INFO  EmployeeControllerImpl:182 - LIST OF EMPLOYEE PREVIOUS REIMBURSEMENETS IS VIEWED
2021-04-27 17:53:50 INFO  EmployeeServiceImpl:84 - SHOW PREVIOUS AND DENIED REIMBURSEMENETS SERVICE TO hshallal@icloud.com
2021-04-27 17:53:50 INFO  EmployeeControllerImpl:182 - LIST OF EMPLOYEE PREVIOUS REIMBURSEMENETS IS VIEWED
2021-04-27 17:53:55 INFO  EmployeeServiceImpl:84 - SHOW PREVIOUS AND LODGING REIMBURSEMENETS SERVICE TO hshallal@icloud.com
2021-04-27 17:53:55 INFO  EmployeeControllerImpl:182 - LIST OF EMPLOYEE PREVIOUS REIMBURSEMENETS IS VIEWED
2021-04-27 17:54:00 INFO  EmployeeServiceImpl:84 - SHOW PREVIOUS AND TRAVEL REIMBURSEMENETS SERVICE TO hshallal@icloud.com
2021-04-27 17:54:01 INFO  EmployeeControllerImpl:182 - LIST OF EMPLOYEE PREVIOUS REIMBURSEMENETS IS VIEWED
2021-04-27 17:54:04 INFO  EmployeeServiceImpl:84 - SHOW PREVIOUS AND FOOD REIMBURSEMENETS SERVICE TO hshallal@icloud.com
2021-04-27 17:54:05 INFO  EmployeeControllerImpl:182 - LIST OF EMPLOYEE PREVIOUS REIMBURSEMENETS IS VIEWED
2021-04-27 17:54:09 INFO  EmployeeServiceImpl:84 - SHOW PREVIOUS AND OTHER REIMBURSEMENETS SERVICE TO hshallal@icloud.com
2021-04-27 17:54:09 INFO  EmployeeControllerImpl:182 - LIST OF EMPLOYEE PREVIOUS REIMBURSEMENETS IS VIEWED
2021-04-27 18:33:18 INFO  EmployeeServiceImpl:59 - LOGIN SERVICE TO hshallal@icloud.com
2021-04-27 18:33:19 INFO  EmployeeControllerImpl:53 - AN EMPLOYEE WITH THIS USERNAME: hshallal@icloud.com, JUST LOGGEDIN
2021-04-27 18:33:41 INFO  EmployeeServiceImpl:72 - REIMBURSEMENET SUBMISSION SERVICE TO hshallal@icloud.com
2021-04-27 18:33:41 INFO  EmployeeControllerImpl:156 - REIMBURSEMENET SUBMISSION SUCCESSFUL: 119c0023-39e6-4308-a590-9286bd620760 BY hshallal@icloud.com
2021-04-27 18:33:51 INFO  EmployeeServiceImpl:78 - SHOW PREVIOUS AND ALL REIMBURSEMENETS SERVICE TO hshallal@icloud.com
2021-04-27 18:33:52 INFO  EmployeeControllerImpl:168 - LIST OF EMPLOYEE PREVIOUS REIMBURSEMENETS IS VIEWED
2021-04-27 18:34:01 INFO  EmployeeServiceImpl:78 - SHOW PREVIOUS AND PENDING REIMBURSEMENETS SERVICE TO hshallal@icloud.com
2021-04-27 18:34:02 INFO  EmployeeControllerImpl:168 - LIST OF EMPLOYEE PREVIOUS REIMBURSEMENETS IS VIEWED
2021-04-27 18:34:07 INFO  EmployeeServiceImpl:78 - SHOW PREVIOUS AND APPROVED REIMBURSEMENETS SERVICE TO hshallal@icloud.com
2021-04-27 18:34:07 INFO  EmployeeControllerImpl:168 - LIST OF EMPLOYEE PREVIOUS REIMBURSEMENETS IS VIEWED
2021-04-27 18:34:11 INFO  EmployeeServiceImpl:78 - SHOW PREVIOUS AND DENIED REIMBURSEMENETS SERVICE TO hshallal@icloud.com
2021-04-27 18:34:12 INFO  EmployeeControllerImpl:168 - LIST OF EMPLOYEE PREVIOUS REIMBURSEMENETS IS VIEWED
2021-04-27 18:34:16 INFO  EmployeeServiceImpl:78 - SHOW PREVIOUS AND LODGING REIMBURSEMENETS SERVICE TO hshallal@icloud.com
2021-04-27 18:34:16 INFO  EmployeeControllerImpl:168 - LIST OF EMPLOYEE PREVIOUS REIMBURSEMENETS IS VIEWED
2021-04-27 18:34:21 INFO  EmployeeServiceImpl:78 - SHOW PREVIOUS AND TRAVEL REIMBURSEMENETS SERVICE TO hshallal@icloud.com
2021-04-27 18:34:21 INFO  EmployeeControllerImpl:168 - LIST OF EMPLOYEE PREVIOUS REIMBURSEMENETS IS VIEWED
2021-04-27 18:34:27 INFO  EmployeeServiceImpl:78 - SHOW PREVIOUS AND FOOD REIMBURSEMENETS SERVICE TO hshallal@icloud.com
2021-04-27 18:34:27 INFO  EmployeeControllerImpl:168 - LIST OF EMPLOYEE PREVIOUS REIMBURSEMENETS IS VIEWED
2021-04-27 18:34:31 INFO  EmployeeServiceImpl:78 - SHOW PREVIOUS AND OTHER REIMBURSEMENETS SERVICE TO hshallal@icloud.com
2021-04-27 18:34:31 INFO  EmployeeControllerImpl:168 - LIST OF EMPLOYEE PREVIOUS REIMBURSEMENETS IS VIEWED
2021-04-27 18:34:50 INFO  EmployeeServiceImpl:59 - LOGIN SERVICE TO hshallal@gmail.com
2021-04-27 18:34:51 INFO  EmployeeControllerImpl:53 - AN EMPLOYEE WITH THIS USERNAME: hshallal@gmail.com, JUST LOGGEDIN
2021-04-27 18:35:14 INFO  EmployeeServiceImpl:59 - LOGIN SERVICE TO hshallal@gmail.com
2021-04-27 18:35:15 INFO  EmployeeControllerImpl:53 - AN EMPLOYEE WITH THIS USERNAME: hshallal@gmail.com, JUST LOGGEDIN
2021-04-27 18:35:19 INFO  FinancialManagerServiceImpl:53 - SHOW ALL REIMBURSEMENETS SERVICE TO A FINANCE MANAGER
2021-04-27 18:35:20 INFO  FinancialManagerControllerImpl:44 - LIST OF REIMBURSEMENETS IS VIEWED BY A FINANCE MANAGER
2021-04-27 18:35:32 INFO  FinancialManagerServiceImpl:53 - SHOW PENDING REIMBURSEMENETS SERVICE TO A FINANCE MANAGER
2021-04-27 18:35:32 INFO  FinancialManagerControllerImpl:44 - LIST OF REIMBURSEMENETS IS VIEWED BY A FINANCE MANAGER
2021-04-27 18:35:39 INFO  FinancialManagerServiceImpl:53 - SHOW PENDING REIMBURSEMENETS SERVICE TO A FINANCE MANAGER
2021-04-27 18:35:39 INFO  FinancialManagerControllerImpl:44 - LIST OF REIMBURSEMENETS IS VIEWED BY A FINANCE MANAGER
2021-04-27 18:35:44 INFO  FinancialManagerServiceImpl:53 - SHOW APPROVED REIMBURSEMENETS SERVICE TO A FINANCE MANAGER
2021-04-27 18:35:44 INFO  FinancialManagerControllerImpl:44 - LIST OF REIMBURSEMENETS IS VIEWED BY A FINANCE MANAGER
2021-04-27 18:35:49 INFO  FinancialManagerServiceImpl:53 - SHOW DENIED REIMBURSEMENETS SERVICE TO A FINANCE MANAGER
2021-04-27 18:35:49 INFO  FinancialManagerControllerImpl:44 - LIST OF REIMBURSEMENETS IS VIEWED BY A FINANCE MANAGER
2021-04-27 18:35:54 INFO  FinancialManagerServiceImpl:53 - SHOW LODGING REIMBURSEMENETS SERVICE TO A FINANCE MANAGER
2021-04-27 18:35:54 INFO  FinancialManagerControllerImpl:44 - LIST OF REIMBURSEMENETS IS VIEWED BY A FINANCE MANAGER
2021-04-27 18:35:58 INFO  FinancialManagerServiceImpl:53 - SHOW TRAVEL REIMBURSEMENETS SERVICE TO A FINANCE MANAGER
2021-04-27 18:35:58 INFO  FinancialManagerControllerImpl:44 - LIST OF REIMBURSEMENETS IS VIEWED BY A FINANCE MANAGER
2021-04-27 18:36:02 INFO  FinancialManagerServiceImpl:53 - SHOW FOOD REIMBURSEMENETS SERVICE TO A FINANCE MANAGER
2021-04-27 18:36:02 INFO  FinancialManagerControllerImpl:44 - LIST OF REIMBURSEMENETS IS VIEWED BY A FINANCE MANAGER
2021-04-27 18:36:05 INFO  FinancialManagerServiceImpl:53 - SHOW OTHER REIMBURSEMENETS SERVICE TO A FINANCE MANAGER
2021-04-27 18:36:06 INFO  FinancialManagerControllerImpl:44 - LIST OF REIMBURSEMENETS IS VIEWED BY A FINANCE MANAGER
2021-04-27 18:37:53 INFO  EmployeeServiceImpl:59 - LOGIN SERVICE TO hshallal@gmail.com
2021-04-27 18:37:53 INFO  EmployeeControllerImpl:53 - AN EMPLOYEE WITH THIS USERNAME: hshallal@gmail.com, JUST LOGGEDIN
2021-04-27 18:37:56 INFO  FinancialManagerServiceImpl:53 - SHOW ALL REIMBURSEMENETS SERVICE TO A FINANCE MANAGER
2021-04-27 18:37:57 INFO  FinancialManagerControllerImpl:44 - LIST OF REIMBURSEMENETS IS VIEWED BY A FINANCE MANAGER
2021-04-27 18:54:18 INFO  EmployeeServiceImpl:59 - LOGIN SERVICE TO hshallal@gmail.com
2021-04-27 18:54:19 INFO  EmployeeControllerImpl:53 - AN EMPLOYEE WITH THIS USERNAME: hshallal@gmail.com, JUST LOGGEDIN
2021-04-27 18:54:22 INFO  FinancialManagerServiceImpl:53 - SHOW ALL REIMBURSEMENETS SERVICE TO A FINANCE MANAGER
2021-04-27 18:54:23 INFO  FinancialManagerControllerImpl:44 - LIST OF REIMBURSEMENETS IS VIEWED BY A FINANCE MANAGER
2021-04-27 18:54:28 INFO  FinancialManagerServiceImpl:53 - SHOW PENDING REIMBURSEMENETS SERVICE TO A FINANCE MANAGER
2021-04-27 18:54:29 INFO  FinancialManagerControllerImpl:44 - LIST OF REIMBURSEMENETS IS VIEWED BY A FINANCE MANAGER
2021-04-28 15:43:43 INFO  EmployeeServiceImpl:47 - CHECK EMPLOYEE EXISTS SERVICE TO x@trial.com
2021-04-28 15:43:44 INFO  EmployeeControllerImpl:105 - AN EMPLOYEE WITH THIS USERNAME: x@trial.com, DOES NOT EXIST
2021-04-28 15:43:44 INFO  EmployeeServiceImpl:35 - REGISTRATION SERVICE TO x@trial.com
2021-04-28 15:43:44 INFO  EmployeeControllerImpl:78 - REGISTRATION SUCCESSFUL BY x@trial.com
2021-04-28 15:43:57 INFO  EmployeeServiceImpl:59 - LOGIN SERVICE TO x@trial.com
2021-04-28 15:43:57 INFO  EmployeeControllerImpl:53 - AN EMPLOYEE WITH THIS USERNAME: x@trial.com, JUST LOGGEDIN
2021-04-28 15:44:22 INFO  EmployeeServiceImpl:72 - REIMBURSEMENET SUBMISSION SERVICE TO x@trial.com
2021-04-28 15:44:23 INFO  EmployeeControllerImpl:153 - REIMBURSEMENET SUBMISSION SUCCESSFUL: 18f3be37-b5e4-457d-81ed-5afe5827265b BY x@trial.com
2021-04-28 15:44:47 INFO  EmployeeServiceImpl:72 - REIMBURSEMENET SUBMISSION SERVICE TO x@trial.com
2021-04-28 15:44:48 INFO  EmployeeControllerImpl:153 - REIMBURSEMENET SUBMISSION SUCCESSFUL: 72276a95-b1ef-43df-bdb9-4af5f3aeb224 BY x@trial.com
2021-04-28 15:45:27 INFO  EmployeeServiceImpl:59 - LOGIN SERVICE TO hshallal@gmail.com
2021-04-28 15:45:27 INFO  EmployeeControllerImpl:53 - AN EMPLOYEE WITH THIS USERNAME: hshallal@gmail.com, JUST LOGGEDIN
2021-04-28 15:45:32 INFO  FinancialManagerServiceImpl:53 - SHOW ALL REIMBURSEMENETS SERVICE TO A FINANCE MANAGER
2021-04-28 15:45:32 INFO  FinancialManagerControllerImpl:44 - LIST OF REIMBURSEMENETS IS VIEWED BY A FINANCE MANAGER
2021-04-28 15:45:38 INFO  FinancialManagerServiceImpl:53 - SHOW PENDING REIMBURSEMENETS SERVICE TO A FINANCE MANAGER
2021-04-28 15:45:38 INFO  FinancialManagerControllerImpl:44 - LIST OF REIMBURSEMENETS IS VIEWED BY A FINANCE MANAGER
2021-04-28 15:45:44 INFO  FinancialManagerServiceImpl:53 - SHOW APPROVED REIMBURSEMENETS SERVICE TO A FINANCE MANAGER
2021-04-28 15:45:45 INFO  FinancialManagerControllerImpl:44 - LIST OF REIMBURSEMENETS IS VIEWED BY A FINANCE MANAGER
2021-04-28 15:45:50 INFO  FinancialManagerServiceImpl:53 - SHOW DENIED REIMBURSEMENETS SERVICE TO A FINANCE MANAGER
2021-04-28 15:45:50 INFO  FinancialManagerControllerImpl:44 - LIST OF REIMBURSEMENETS IS VIEWED BY A FINANCE MANAGER
2021-04-28 15:45:56 INFO  FinancialManagerServiceImpl:53 - SHOW LODGING REIMBURSEMENETS SERVICE TO A FINANCE MANAGER
2021-04-28 15:45:56 INFO  FinancialManagerControllerImpl:44 - LIST OF REIMBURSEMENETS IS VIEWED BY A FINANCE MANAGER
2021-04-28 15:49:53 INFO  EmployeeServiceImpl:59 - LOGIN SERVICE TO x@trial.com
2021-04-28 15:49:54 INFO  EmployeeControllerImpl:53 - AN EMPLOYEE WITH THIS USERNAME: x@trial.com, JUST LOGGEDIN
2021-04-28 15:50:38 INFO  EmployeeServiceImpl:78 - SHOW PREVIOUS AND ALL REIMBURSEMENETS SERVICE TO x@trial.com
2021-04-28 15:50:39 INFO  EmployeeControllerImpl:165 - LIST OF EMPLOYEE PREVIOUS REIMBURSEMENETS IS VIEWED
2021-04-28 15:57:26 INFO  EmployeeServiceImpl:59 - LOGIN SERVICE TO hshallal@icloud.com
2021-04-28 15:57:27 INFO  EmployeeControllerImpl:56 - AN EMPLOYEE WITH THIS USERNAME: hshallal@icloud.com, UNABLE TO LOGIN
2021-04-28 15:57:37 INFO  EmployeeServiceImpl:59 - LOGIN SERVICE TO hshallal@icloud.com
2021-04-28 15:57:38 INFO  EmployeeControllerImpl:53 - AN EMPLOYEE WITH THIS USERNAME: hshallal@icloud.com, JUST LOGGEDIN
2021-04-28 15:59:59 INFO  EmployeeServiceImpl:59 - LOGIN SERVICE TO x@trial.com
2021-04-28 16:00:00 INFO  EmployeeControllerImpl:53 - AN EMPLOYEE WITH THIS USERNAME: x@trial.com, JUST LOGGEDIN
2021-04-28 16:00:13 INFO  EmployeeServiceImpl:59 - LOGIN SERVICE TO hshallal@gmail.com
2021-04-28 16:00:13 INFO  EmployeeControllerImpl:53 - AN EMPLOYEE WITH THIS USERNAME: hshallal@gmail.com, JUST LOGGEDIN
2021-04-28 16:12:06 INFO  EmployeeServiceImpl:59 - LOGIN SERVICE TO x@trial.com
2021-04-28 16:12:07 INFO  EmployeeControllerImpl:53 - AN EMPLOYEE WITH THIS USERNAME: x@trial.com, JUST LOGGEDIN
2021-04-28 16:13:12 INFO  EmployeeServiceImpl:78 - SHOW PREVIOUS AND ALL REIMBURSEMENETS SERVICE TO x@trial.com
2021-04-28 16:13:13 INFO  EmployeeControllerImpl:165 - LIST OF EMPLOYEE PREVIOUS REIMBURSEMENETS IS VIEWED
2021-04-28 16:33:26 INFO  EmployeeServiceImpl:59 - LOGIN SERVICE TO x@trial.com
2021-04-28 16:33:27 INFO  EmployeeControllerImpl:53 - AN EMPLOYEE WITH THIS USERNAME: x@trial.com, JUST LOGGEDIN
2021-04-28 16:34:26 INFO  EmployeeServiceImpl:59 - LOGIN SERVICE TO x@trial.com
2021-04-28 16:34:27 INFO  EmployeeControllerImpl:53 - AN EMPLOYEE WITH THIS USERNAME: x@trial.com, JUST LOGGEDIN
2021-04-28 16:35:30 INFO  EmployeeServiceImpl:59 - LOGIN SERVICE TO x@trial.com
2021-04-28 16:35:31 INFO  EmployeeControllerImpl:53 - AN EMPLOYEE WITH THIS USERNAME: x@trial.com, JUST LOGGEDIN
2021-04-28 16:39:39 INFO  EmployeeServiceImpl:59 - LOGIN SERVICE TO x@trial.com
2021-04-28 16:39:40 INFO  EmployeeControllerImpl:53 - AN EMPLOYEE WITH THIS USERNAME: x@trial.com, JUST LOGGEDIN
2021-04-28 16:43:10 INFO  EmployeeServiceImpl:59 - LOGIN SERVICE TO x@trial.com
2021-04-28 16:43:11 INFO  EmployeeControllerImpl:53 - AN EMPLOYEE WITH THIS USERNAME: x@trial.com, JUST LOGGEDIN
2021-04-28 16:44:54 INFO  EmployeeServiceImpl:59 - LOGIN SERVICE TO x@trial.com
2021-04-28 16:44:54 INFO  EmployeeControllerImpl:53 - AN EMPLOYEE WITH THIS USERNAME: x@trial.com, JUST LOGGEDIN
2021-04-28 16:52:29 INFO  EmployeeServiceImpl:59 - LOGIN SERVICE TO x@trial.com
2021-04-28 16:52:30 INFO  EmployeeControllerImpl:53 - AN EMPLOYEE WITH THIS USERNAME: x@trial.com, JUST LOGGEDIN
2021-04-28 16:55:13 INFO  EmployeeServiceImpl:59 - LOGIN SERVICE TO x@trial.com
2021-04-28 16:55:14 INFO  EmployeeControllerImpl:53 - AN EMPLOYEE WITH THIS USERNAME: x@trial.com, JUST LOGGEDIN
2021-04-28 16:55:31 INFO  EmployeeServiceImpl:78 - SHOW PREVIOUS AND ALL REIMBURSEMENETS SERVICE TO x@trial.com
2021-04-28 16:55:31 INFO  EmployeeControllerImpl:165 - LIST OF EMPLOYEE PREVIOUS REIMBURSEMENETS IS VIEWED
2021-04-28 17:00:20 INFO  EmployeeServiceImpl:59 - LOGIN SERVICE TO x@trial.com
2021-04-28 17:00:21 INFO  EmployeeControllerImpl:54 - AN EMPLOYEE WITH THIS USERNAME: x@trial.com, JUST LOGGEDIN
2021-04-28 17:00:29 INFO  EmployeeServiceImpl:78 - SHOW PREVIOUS AND ALL REIMBURSEMENETS SERVICE TO x@trial.com
2021-04-28 17:00:30 INFO  EmployeeControllerImpl:170 - LIST OF EMPLOYEE PREVIOUS REIMBURSEMENETS IS VIEWED
2021-04-28 17:07:19 INFO  EmployeeServiceImpl:59 - LOGIN SERVICE TO x@trial.com
2021-04-28 17:07:20 INFO  EmployeeControllerImpl:54 - AN EMPLOYEE WITH THIS USERNAME: x@trial.com, JUST LOGGEDIN
2021-04-28 17:07:25 INFO  EmployeeServiceImpl:78 - SHOW PREVIOUS AND OTHER REIMBURSEMENETS SERVICE TO x@trial.com
2021-04-28 17:07:26 INFO  EmployeeControllerImpl:174 - LIST OF EMPLOYEE PREVIOUS REIMBURSEMENETS IS VIEWED
2021-04-28 17:07:34 INFO  EmployeeServiceImpl:78 - SHOW PREVIOUS AND PENDING REIMBURSEMENETS SERVICE TO x@trial.com
2021-04-28 17:07:34 INFO  EmployeeControllerImpl:174 - LIST OF EMPLOYEE PREVIOUS REIMBURSEMENETS IS VIEWED
2021-04-28 17:07:40 INFO  EmployeeServiceImpl:78 - SHOW PREVIOUS AND ALL REIMBURSEMENETS SERVICE TO x@trial.com
2021-04-28 17:07:41 INFO  EmployeeControllerImpl:174 - LIST OF EMPLOYEE PREVIOUS REIMBURSEMENETS IS VIEWED
2021-04-28 17:08:01 INFO  EmployeeServiceImpl:72 - REIMBURSEMENET SUBMISSION SERVICE TO x@trial.com
2021-04-28 17:08:02 INFO  EmployeeControllerImpl:158 - REIMBURSEMENET SUBMISSION SUCCESSFUL: ae0f24c3-dd99-4494-bd75-92360f211858 BY x@trial.com
